# JRE version: OpenJDK Runtime Environment Temurin-21.0.9+10 (21.0.9+10) (build 21.0.9+10-LTS)
# Java VM: OpenJDK 64-Bit Server VM Temurin-21.0.9+10 (21.0.9+10-LTS, mixed mode, tiered, compressed oops, compressed class ptrs, g1 gc, windows-amd64)
GC Precious Log:
 CardTable entry size: 512
 Card Set container configuration: InlinePtr #cards 5 size 8 Array Of Cards #cards 12 size 40 Howl #buckets 4 coarsen threshold 1843 Howl Bitmap #cards 512 size 80 coarsen threshold 460 Card regions per heap region 1 cards per card region 2048
 CPUs: 12 total, 12 available
 Memory: 15720M
 Large Page Support: Disabled
 NUMA Support: Disabled
 Compressed Oops: Enabled (32-bit)
 Heap Region Size: 1M
 Heap Min Capacity: 256M
 Heap Initial Capacity: 256M
 Heap Max Capacity: 1G
 Pre-touch: Disabled
 Parallel Workers: 10
 Concurrent Workers: 3
 Concurrent Refinement Workers: 10
 Periodic GC: Disabled
 String Deduplication is enabled
Heap:
 garbage-first heap   total 262144K, used 46644K [0x00000000c0000000, 0x0000000100000000)
  region size 1024K, 10 young (10240K), 1 survivors (1024K)
 Metaspace       used 63332K, committed 64896K, reserved 1114112K
  class space    used 7203K, committed 7808K, reserved 1048576K
GC Heap History (18 events):
Event: 0.957 GC heap before
{Heap before GC invocations=0 (full 0):
 garbage-first heap   total 262144K, used 23552K [0x00000000c0000000, 0x0000000100000000)
  region size 1024K, 23 young (23552K), 0 survivors (0K)
 Metaspace       used 13751K, committed 13952K, reserved 1114112K
  class space    used 1211K, committed 1344K, reserved 1048576K
}
Event: 0.966 GC heap after
{Heap after GC invocations=1 (full 0):
 garbage-first heap   total 262144K, used 7487K [0x00000000c0000000, 0x0000000100000000)
  region size 1024K, 3 young (3072K), 3 survivors (3072K)
 Metaspace       used 13751K, committed 13952K, reserved 1114112K
  class space    used 1211K, committed 1344K, reserved 1048576K
}
Event: 1.838 GC heap before
{Heap before GC invocations=1 (full 0):
 garbage-first heap   total 262144K, used 33087K [0x00000000c0000000, 0x0000000100000000)
  region size 1024K, 28 young (28672K), 3 survivors (3072K)
 Metaspace       used 20102K, committed 20480K, reserved 1114112K
  class space    used 1884K, committed 2048K, reserved 1048576K
}
Event: 1.845 GC heap after
{Heap after GC invocations=2 (full 0):
 garbage-first heap   total 262144K, used 12210K [0x00000000c0000000, 0x0000000100000000)
  region size 1024K, 4 young (4096K), 4 survivors (4096K)
 Metaspace       used 20102K, committed 20480K, reserved 1114112K
  class space    used 1884K, committed 2048K, reserved 1048576K
}
Event: 1.943 GC heap before
{Heap before GC invocations=2 (full 0):
 garbage-first heap   total 262144K, used 14258K [0x00000000c0000000, 0x0000000100000000)
  region size 1024K, 7 young (7168K), 4 survivors (4096K)
 Metaspace       used 21031K, committed 21504K, reserved 1114112K
  class space    used 1997K, committed 2176K, reserved 1048576K
}
Event: 1.947 GC heap after
{Heap after GC invocations=3 (full 0):
 garbage-first heap   total 262144K, used 13285K [0x00000000c0000000, 0x0000000100000000)
  region size 1024K, 1 young (1024K), 1 survivors (1024K)
 Metaspace       used 21031K, committed 21504K, reserved 1114112K
  class space    used 1997K, committed 2176K, reserved 1048576K
}
Event: 43.852 GC heap before
{Heap before GC invocations=4 (full 0):
 garbage-first heap   total 262144K, used 56293K [0x00000000c0000000, 0x0000000100000000)
  region size 1024K, 45 young (46080K), 1 survivors (1024K)
 Metaspace       used 35057K, committed 35968K, reserved 1114112K
  class space    used 3508K, committed 3904K, reserved 1048576K
}
Event: 43.857 GC heap after
{Heap after GC invocations=5 (full 0):
 garbage-first heap   total 262144K, used 19956K [0x00000000c0000000, 0x0000000100000000)
  region size 1024K, 8 young (8192K), 8 survivors (8192K)
 Metaspace       used 35057K, committed 35968K, reserved 1114112K
  class space    used 3508K, committed 3904K, reserved 1048576K
}
Event: 43.900 GC heap before
{Heap before GC invocations=5 (full 0):
 garbage-first heap   total 262144K, used 20980K [0x00000000c0000000, 0x0000000100000000)
  region size 1024K, 10 young (10240K), 8 survivors (8192K)
 Metaspace       used 35395K, committed 36288K, reserved 1114112K
  class space    used 3532K, committed 3904K, reserved 1048576K
}
Event: 43.905 GC heap after
{Heap after GC invocations=6 (full 0):
 garbage-first heap   total 262144K, used 20142K [0x00000000c0000000, 0x0000000100000000)
  region size 1024K, 8 young (8192K), 8 survivors (8192K)
 Metaspace       used 35395K, committed 36288K, reserved 1114112K
  class space    used 3532K, committed 3904K, reserved 1048576K
}
Event: 43.922 GC heap before
{Heap before GC invocations=6 (full 0):
 garbage-first heap   total 262144K, used 20142K [0x00000000c0000000, 0x0000000100000000)
  region size 1024K, 9 young (9216K), 8 survivors (8192K)
 Metaspace       used 35675K, committed 36608K, reserved 1114112K
  class space    used 3609K, committed 4032K, reserved 1048576K
}
Event: 43.927 GC heap after
{Heap after GC invocations=7 (full 0):
 garbage-first heap   total 262144K, used 20232K [0x00000000c0000000, 0x0000000100000000)
  region size 1024K, 8 young (8192K), 8 survivors (8192K)
 Metaspace       used 35675K, committed 36608K, reserved 1114112K
  class space    used 3609K, committed 4032K, reserved 1048576K
}
Event: 48.686 GC heap before
{Heap before GC invocations=8 (full 0):
 garbage-first heap   total 262144K, used 152328K [0x00000000c0000000, 0x0000000100000000)
  region size 1024K, 137 young (140288K), 8 survivors (8192K)
 Metaspace       used 59680K, committed 61248K, reserved 1114112K
  class space    used 6721K, committed 7360K, reserved 1048576K
}
Event: 48.704 GC heap after
{Heap after GC invocations=9 (full 0):
 garbage-first heap   total 262144K, used 36831K [0x00000000c0000000, 0x0000000100000000)
  region size 1024K, 20 young (20480K), 20 survivors (20480K)
 Metaspace       used 59680K, committed 61248K, reserved 1114112K
  class space    used 6721K, committed 7360K, reserved 1048576K
}
Event: 48.739 GC heap before
{Heap before GC invocations=9 (full 0):
 garbage-first heap   total 262144K, used 37855K [0x00000000c0000000, 0x0000000100000000)
  region size 1024K, 22 young (22528K), 20 survivors (20480K)
 Metaspace       used 60042K, committed 61568K, reserved 1114112K
  class space    used 6782K, committed 7360K, reserved 1048576K
}
Event: 48.752 GC heap after
{Heap after GC invocations=10 (full 0):
 garbage-first heap   total 262144K, used 39732K [0x00000000c0000000, 0x0000000100000000)
  region size 1024K, 2 young (2048K), 2 survivors (2048K)
 Metaspace       used 60042K, committed 61568K, reserved 1114112K
  class space    used 6782K, committed 7360K, reserved 1048576K
}
Event: 48.804 GC heap before
{Heap before GC invocations=10 (full 0):
 garbage-first heap   total 262144K, used 40756K [0x00000000c0000000, 0x0000000100000000)
  region size 1024K, 4 young (4096K), 2 survivors (2048K)
 Metaspace       used 60397K, committed 61888K, reserved 1114112K
  class space    used 6837K, committed 7424K, reserved 1048576K
}
Event: 48.806 GC heap after
{Heap after GC invocations=11 (full 0):
 garbage-first heap   total 262144K, used 38452K [0x00000000c0000000, 0x0000000100000000)
  region size 1024K, 1 young (1024K), 1 survivors (1024K)
 Metaspace       used 60397K, committed 61888K, reserved 1114112K
  class space    used 6837K, committed 7424K, reserved 1048576K
}

